[33m2022-05-12 10:42:15[0;39m [32m[background-preinit][0;39m INFO  o.h.validator.internal.util.Version - HV000001: Hibernate Validator 6.1.6.Final
[33m2022-05-12 10:42:15[0;39m [32m[restartedMain][0;39m INFO  c.a.n.c.c.i.LocalConfigInfoProcessor - LOCAL_SNAPSHOT_PATH:C:\Users\BsKPLu\nacos\config
[33m2022-05-12 10:42:15[0;39m [32m[restartedMain][0;39m INFO  c.a.nacos.client.config.impl.Limiter - limitTime:5.0
[33m2022-05-12 10:42:15[0;39m [32m[restartedMain][0;39m INFO  c.a.n.client.config.utils.JVMUtil - isMultiInstance:false
[33m2022-05-12 10:42:16[0;39m [32m[restartedMain][0;39m INFO  c.b.service_video.VideoApplication - The following profiles are active: dev
[33m2022-05-12 10:42:18[0;39m [32m[restartedMain][0;39m INFO  o.a.coyote.http11.Http11NioProtocol - Initializing ProtocolHandler ["http-nio-8001"]
[33m2022-05-12 10:42:18[0;39m [32m[restartedMain][0;39m INFO  o.a.catalina.core.StandardService - Starting service [Tomcat]
[33m2022-05-12 10:42:18[0;39m [32m[restartedMain][0;39m INFO  o.a.catalina.core.StandardEngine - Starting Servlet engine: [Apache Tomcat/9.0.39]
[33m2022-05-12 10:42:18[0;39m [32m[restartedMain][0;39m INFO  o.a.c.c.C.[Tomcat].[localhost].[/] - Initializing Spring embedded WebApplicationContext
[33m2022-05-12 10:42:19[0;39m [32m[restartedMain][0;39m INFO  com.zaxxer.hikari.HikariDataSource - HikariPool - Starting...
[33m2022-05-12 10:42:19[0;39m [32m[restartedMain][0;39m INFO  com.zaxxer.hikari.HikariDataSource - HikariPool - Start completed.
[33m2022-05-12 10:42:20[0;39m [32m[restartedMain][0;39m INFO  c.a.c.s.SentinelWebAutoConfiguration - [Sentinel Starter] register SentinelWebInterceptor with urlPatterns: [/*].
[33m2022-05-12 10:42:20[0;39m [32m[restartedMain][0;39m INFO  s.d.s.w.PropertySourcedRequestMappingHandlerMapping - Mapped URL path [/v2/api-docs] onto method [springfox.documentation.swagger2.web.Swagger2Controller#getDocumentation(String, HttpServletRequest)]
[33m2022-05-12 10:42:20[0;39m [32m[restartedMain][0;39m INFO  c.n.c.sources.URLConfigurationSource - To enable URLs as dynamic configuration sources, define System property archaius.configurationSource.additionalUrls or make config.properties available on classpath.
[33m2022-05-12 10:42:20[0;39m [32m[restartedMain][0;39m INFO  c.n.c.sources.URLConfigurationSource - To enable URLs as dynamic configuration sources, define System property archaius.configurationSource.additionalUrls or make config.properties available on classpath.
[33m2022-05-12 10:42:21[0;39m [32m[restartedMain][0;39m INFO  com.alibaba.nacos.client.naming - initializer namespace from System Property :null
[33m2022-05-12 10:42:21[0;39m [32m[restartedMain][0;39m INFO  com.alibaba.nacos.client.naming - initializer namespace from System Environment :null
[33m2022-05-12 10:42:21[0;39m [32m[restartedMain][0;39m INFO  com.alibaba.nacos.client.naming - initializer namespace from System Property :null
[33m2022-05-12 10:42:22[0;39m [32m[restartedMain][0;39m INFO  o.a.coyote.http11.Http11NioProtocol - Starting ProtocolHandler ["http-nio-8001"]
[33m2022-05-12 10:42:22[0;39m [32m[restartedMain][0;39m INFO  com.alibaba.nacos.client.naming - [BEAT] adding beat: {"cluster":"DEFAULT","ip":"192.168.1.4","metadata":{"preserved.register.source":"SPRING_CLOUD"},"period":5000,"port":8001,"scheduled":false,"serviceName":"bskplu_video@@service-video","stopped":false,"weight":1.0} to beat map.
[33m2022-05-12 10:42:22[0;39m [32m[restartedMain][0;39m INFO  com.alibaba.nacos.client.naming - [REGISTER-SERVICE] public registering service bskplu_video@@service-video with instance: {"clusterName":"DEFAULT","enabled":true,"ephemeral":true,"healthy":true,"instanceHeartBeatInterval":5000,"instanceHeartBeatTimeOut":15000,"ip":"192.168.1.4","ipDeleteTimeout":30000,"metadata":{"preserved.register.source":"SPRING_CLOUD"},"port":8001,"weight":1.0}
[33m2022-05-12 10:42:22[0;39m [32m[restartedMain][0;39m INFO  c.a.c.n.r.NacosServiceRegistry - nacos registry, bskplu_video service-video 192.168.1.4:8001 register finished
[33m2022-05-12 10:42:23[0;39m [32m[restartedMain][0;39m INFO  s.d.s.w.p.DocumentationPluginsBootstrapper - Context refreshed
[33m2022-05-12 10:42:23[0;39m [32m[restartedMain][0;39m INFO  s.d.s.w.p.DocumentationPluginsBootstrapper - Found 1 custom documentation plugin(s)
[33m2022-05-12 10:42:23[0;39m [32m[restartedMain][0;39m INFO  s.d.s.w.s.ApiListingReferenceScanner - Scanning for api listing references
[33m2022-05-12 10:42:23[0;39m [32m[restartedMain][0;39m INFO  c.b.service_video.VideoApplication - Started VideoApplication in 9.38 seconds (JVM running for 10.869)
[33m2022-05-12 10:42:23[0;39m [32m[restartedMain][0;39m INFO  c.a.n.c.config.impl.ClientWorker - [fixed-localhost_8848] [subscribe] service-video+bskplu_video
[33m2022-05-12 10:42:23[0;39m [32m[restartedMain][0;39m INFO  c.a.n.client.config.impl.CacheData - [fixed-localhost_8848] [add-listener] ok, tenant=, dataId=service-video, group=bskplu_video, cnt=1
[33m2022-05-12 10:42:23[0;39m [32m[restartedMain][0;39m INFO  c.a.n.c.config.impl.ClientWorker - [fixed-localhost_8848] [subscribe] service-video-dev.yml+bskplu_video
[33m2022-05-12 10:42:23[0;39m [32m[restartedMain][0;39m INFO  c.a.n.client.config.impl.CacheData - [fixed-localhost_8848] [add-listener] ok, tenant=, dataId=service-video-dev.yml, group=bskplu_video, cnt=1
[33m2022-05-12 10:42:23[0;39m [32m[restartedMain][0;39m INFO  c.a.n.c.config.impl.ClientWorker - [fixed-localhost_8848] [subscribe] service-video.yml+bskplu_video
[33m2022-05-12 10:42:23[0;39m [32m[restartedMain][0;39m INFO  c.a.n.client.config.impl.CacheData - [fixed-localhost_8848] [add-listener] ok, tenant=, dataId=service-video.yml, group=bskplu_video, cnt=1
[33m2022-05-12 10:43:45[0;39m [32m[http-nio-8001-exec-1][0;39m INFO  o.a.c.c.C.[Tomcat].[localhost].[/] - Initializing Spring DispatcherServlet 'dispatcherServlet'
[33m2022-05-12 11:25:13[0;39m [32m[com.alibaba.nacos.client.Worker.longPolling.fixed-localhost_8848][0;39m INFO  c.a.n.c.config.impl.ClientWorker - [fixed-localhost_8848] [polling-resp] config changed. dataId=service-video-dev.yml, group=bskplu_video
[33m2022-05-12 11:25:13[0;39m [32m[com.alibaba.nacos.client.Worker.longPolling.fixed-localhost_8848][0;39m INFO  c.a.n.c.config.impl.ClientWorker - [fixed-localhost_8848] [data-received] dataId=service-video-dev.yml, group=bskplu_video, tenant=null, md5=7cb04355575f81d4a006a58e75e74376, content=spring:
  datasource:
    type: com.zaxxer.hikari.HikariDataSource
    driver-class-name: com.mysql....
[33m2022-05-12 11:25:13[0;39m [32m[com.alibaba.nacos.client.Worker.longPolling.fixed-localhost_8848][0;39m INFO  c.a.n.client.config.impl.CacheData - [fixed-localhost_8848] [notify-context] dataId=service-video-dev.yml, group=bskplu_video, md5=7cb04355575f81d4a006a58e75e74376
[33m2022-05-12 11:25:13[0;39m [32m[com.alibaba.nacos.client.Worker.longPolling.fixed-localhost_8848][0;39m INFO  com.zaxxer.hikari.HikariDataSource - HikariPool - Shutdown initiated...
[33m2022-05-12 11:25:13[0;39m [32m[com.alibaba.nacos.client.Worker.longPolling.fixed-localhost_8848][0;39m INFO  com.zaxxer.hikari.HikariDataSource - HikariPool - Shutdown completed.
[33m2022-05-12 11:25:13[0;39m [32m[com.alibaba.nacos.client.Worker.longPolling.fixed-localhost_8848][0;39m INFO  c.a.n.client.config.impl.CacheData - [fixed-localhost_8848] [notify-ok] dataId=service-video-dev.yml, group=bskplu_video, md5=7cb04355575f81d4a006a58e75e74376, listener=com.alibaba.cloud.nacos.refresh.NacosContextRefresher$1@b90733 
[33m2022-05-12 11:25:13[0;39m [32m[com.alibaba.nacos.client.Worker.longPolling.fixed-localhost_8848][0;39m INFO  c.a.n.client.config.impl.CacheData - [fixed-localhost_8848] [notify-listener] time cost=714ms in ClientWorker, dataId=service-video-dev.yml, group=bskplu_video, md5=7cb04355575f81d4a006a58e75e74376, listener=com.alibaba.cloud.nacos.refresh.NacosContextRefresher$1@b90733 
[33m2022-05-12 11:55:40[0;39m [32m[lettuce-eventExecutorLoop-1-4][0;39m INFO  i.l.core.protocol.ConnectionWatchdog - Reconnecting, last destination was /129.211.209.210:6379
[33m2022-05-12 11:55:40[0;39m [32m[lettuce-nioEventLoop-4-2][0;39m INFO  i.l.c.protocol.ReconnectionHandler - Reconnected to 129.211.209.210:6379
[33m2022-05-12 12:17:25[0;39m [32m[lettuce-eventExecutorLoop-1-9][0;39m INFO  i.l.core.protocol.ConnectionWatchdog - Reconnecting, last destination was /129.211.209.210:6379
[33m2022-05-12 12:17:25[0;39m [32m[lettuce-nioEventLoop-4-3][0;39m INFO  i.l.c.protocol.ReconnectionHandler - Reconnected to 129.211.209.210:6379
[33m2022-05-12 12:21:28[0;39m [32m[http-nio-8001-exec-8][0;39m INFO  com.zaxxer.hikari.HikariDataSource - HikariPool - Starting...
[33m2022-05-12 12:21:28[0;39m [32m[http-nio-8001-exec-8][0;39m INFO  com.zaxxer.hikari.HikariDataSource - HikariPool - Start completed.
[33m2022-05-12 12:25:21[0;39m [32m[lettuce-eventExecutorLoop-1-8][0;39m INFO  i.l.core.protocol.ConnectionWatchdog - Reconnecting, last destination was /129.211.209.210:6379
[33m2022-05-12 12:25:21[0;39m [32m[lettuce-nioEventLoop-4-4][0;39m INFO  i.l.c.protocol.ReconnectionHandler - Reconnected to 129.211.209.210:6379
[33m2022-05-12 12:44:53[0;39m [32m[SpringContextShutdownHook][0;39m INFO  c.a.c.n.r.NacosServiceRegistry - De-registering from Nacos Server now...
[33m2022-05-12 12:44:53[0;39m [32m[SpringContextShutdownHook][0;39m INFO  com.alibaba.nacos.client.naming - [BEAT] removing beat: bskplu_video@@service-video:192.168.1.4:8001 from beat map.
[33m2022-05-12 12:44:53[0;39m [32m[SpringContextShutdownHook][0;39m INFO  com.alibaba.nacos.client.naming - [DEREGISTER-SERVICE] public deregistering service bskplu_video@@service-video with instance: {"clusterName":"DEFAULT","enabled":true,"ephemeral":true,"healthy":true,"instanceHeartBeatInterval":5000,"instanceHeartBeatTimeOut":15000,"instanceIdGenerator":"simple","ip":"192.168.1.4","ipDeleteTimeout":30000,"metadata":{},"port":8001,"weight":1.0}
[33m2022-05-12 12:44:53[0;39m [32m[SpringContextShutdownHook][0;39m INFO  c.a.c.n.r.NacosServiceRegistry - De-registration finished.
[33m2022-05-12 12:44:54[0;39m [32m[SpringContextShutdownHook][0;39m INFO  com.zaxxer.hikari.HikariDataSource - HikariPool - Shutdown initiated...
[33m2022-05-12 12:44:54[0;39m [32m[SpringContextShutdownHook][0;39m INFO  com.zaxxer.hikari.HikariDataSource - HikariPool - Shutdown completed.
[33m2022-05-12 20:46:38[0;39m [32m[background-preinit][0;39m INFO  o.h.validator.internal.util.Version - HV000001: Hibernate Validator 6.1.6.Final
[33m2022-05-12 20:46:40[0;39m [32m[restartedMain][0;39m INFO  c.a.n.c.c.i.LocalConfigInfoProcessor - LOCAL_SNAPSHOT_PATH:C:\Users\BsKPLu\nacos\config
[33m2022-05-12 20:46:40[0;39m [32m[restartedMain][0;39m INFO  c.a.nacos.client.config.impl.Limiter - limitTime:5.0
[33m2022-05-12 20:46:40[0;39m [32m[restartedMain][0;39m INFO  c.a.n.client.config.utils.JVMUtil - isMultiInstance:false
[33m2022-05-12 20:46:40[0;39m [32m[restartedMain][0;39m INFO  c.b.service_video.VideoApplication - The following profiles are active: dev
[33m2022-05-12 20:46:43[0;39m [32m[restartedMain][0;39m INFO  o.a.coyote.http11.Http11NioProtocol - Initializing ProtocolHandler ["http-nio-8001"]
[33m2022-05-12 20:46:43[0;39m [32m[restartedMain][0;39m INFO  o.a.catalina.core.StandardService - Starting service [Tomcat]
[33m2022-05-12 20:46:43[0;39m [32m[restartedMain][0;39m INFO  o.a.catalina.core.StandardEngine - Starting Servlet engine: [Apache Tomcat/9.0.39]
[33m2022-05-12 20:46:43[0;39m [32m[restartedMain][0;39m INFO  o.a.c.c.C.[Tomcat].[localhost].[/] - Initializing Spring embedded WebApplicationContext
[33m2022-05-12 20:46:43[0;39m [32m[restartedMain][0;39m INFO  com.zaxxer.hikari.HikariDataSource - HikariPool - Starting...
[33m2022-05-12 20:46:44[0;39m [32m[restartedMain][0;39m INFO  com.zaxxer.hikari.HikariDataSource - HikariPool - Start completed.
[33m2022-05-12 20:46:45[0;39m [32m[restartedMain][0;39m INFO  c.a.c.s.SentinelWebAutoConfiguration - [Sentinel Starter] register SentinelWebInterceptor with urlPatterns: [/*].
[33m2022-05-12 20:46:45[0;39m [32m[restartedMain][0;39m INFO  s.d.s.w.PropertySourcedRequestMappingHandlerMapping - Mapped URL path [/v2/api-docs] onto method [springfox.documentation.swagger2.web.Swagger2Controller#getDocumentation(String, HttpServletRequest)]
[33m2022-05-12 20:46:45[0;39m [32m[restartedMain][0;39m INFO  c.n.c.sources.URLConfigurationSource - To enable URLs as dynamic configuration sources, define System property archaius.configurationSource.additionalUrls or make config.properties available on classpath.
[33m2022-05-12 20:46:45[0;39m [32m[restartedMain][0;39m INFO  c.n.c.sources.URLConfigurationSource - To enable URLs as dynamic configuration sources, define System property archaius.configurationSource.additionalUrls or make config.properties available on classpath.
[33m2022-05-12 20:46:46[0;39m [32m[restartedMain][0;39m INFO  com.alibaba.nacos.client.naming - initializer namespace from System Property :null
[33m2022-05-12 20:46:46[0;39m [32m[restartedMain][0;39m INFO  com.alibaba.nacos.client.naming - initializer namespace from System Environment :null
[33m2022-05-12 20:46:46[0;39m [32m[restartedMain][0;39m INFO  com.alibaba.nacos.client.naming - initializer namespace from System Property :null
[33m2022-05-12 20:46:47[0;39m [32m[restartedMain][0;39m INFO  o.a.coyote.http11.Http11NioProtocol - Starting ProtocolHandler ["http-nio-8001"]
[33m2022-05-12 20:46:47[0;39m [32m[restartedMain][0;39m INFO  com.alibaba.nacos.client.naming - [BEAT] adding beat: {"cluster":"DEFAULT","ip":"192.168.1.4","metadata":{"preserved.register.source":"SPRING_CLOUD"},"period":5000,"port":8001,"scheduled":false,"serviceName":"bskplu_video@@service-video","stopped":false,"weight":1.0} to beat map.
[33m2022-05-12 20:46:47[0;39m [32m[restartedMain][0;39m INFO  com.alibaba.nacos.client.naming - [REGISTER-SERVICE] public registering service bskplu_video@@service-video with instance: {"clusterName":"DEFAULT","enabled":true,"ephemeral":true,"healthy":true,"instanceHeartBeatInterval":5000,"instanceHeartBeatTimeOut":15000,"ip":"192.168.1.4","ipDeleteTimeout":30000,"metadata":{"preserved.register.source":"SPRING_CLOUD"},"port":8001,"weight":1.0}
[33m2022-05-12 20:46:47[0;39m [32m[restartedMain][0;39m INFO  c.a.c.n.r.NacosServiceRegistry - nacos registry, bskplu_video service-video 192.168.1.4:8001 register finished
[33m2022-05-12 20:46:48[0;39m [32m[restartedMain][0;39m INFO  s.d.s.w.p.DocumentationPluginsBootstrapper - Context refreshed
[33m2022-05-12 20:46:48[0;39m [32m[restartedMain][0;39m INFO  s.d.s.w.p.DocumentationPluginsBootstrapper - Found 1 custom documentation plugin(s)
[33m2022-05-12 20:46:48[0;39m [32m[restartedMain][0;39m INFO  s.d.s.w.s.ApiListingReferenceScanner - Scanning for api listing references
[33m2022-05-12 20:46:48[0;39m [32m[restartedMain][0;39m INFO  c.b.service_video.VideoApplication - Started VideoApplication in 10.609 seconds (JVM running for 12.493)
[33m2022-05-12 20:46:48[0;39m [32m[restartedMain][0;39m INFO  c.a.n.c.config.impl.ClientWorker - [fixed-localhost_8848] [subscribe] service-video+bskplu_video
[33m2022-05-12 20:46:48[0;39m [32m[restartedMain][0;39m INFO  c.a.n.client.config.impl.CacheData - [fixed-localhost_8848] [add-listener] ok, tenant=, dataId=service-video, group=bskplu_video, cnt=1
[33m2022-05-12 20:46:48[0;39m [32m[restartedMain][0;39m INFO  c.a.n.c.config.impl.ClientWorker - [fixed-localhost_8848] [subscribe] service-video-dev.yml+bskplu_video
[33m2022-05-12 20:46:48[0;39m [32m[restartedMain][0;39m INFO  c.a.n.client.config.impl.CacheData - [fixed-localhost_8848] [add-listener] ok, tenant=, dataId=service-video-dev.yml, group=bskplu_video, cnt=1
[33m2022-05-12 20:46:48[0;39m [32m[restartedMain][0;39m INFO  c.a.n.c.config.impl.ClientWorker - [fixed-localhost_8848] [subscribe] service-video.yml+bskplu_video
[33m2022-05-12 20:46:48[0;39m [32m[restartedMain][0;39m INFO  c.a.n.client.config.impl.CacheData - [fixed-localhost_8848] [add-listener] ok, tenant=, dataId=service-video.yml, group=bskplu_video, cnt=1
[33m2022-05-12 20:51:17[0;39m [32m[http-nio-8001-exec-1][0;39m INFO  o.a.c.c.C.[Tomcat].[localhost].[/] - Initializing Spring DispatcherServlet 'dispatcherServlet'
[33m2022-05-12 21:11:19[0;39m [32m[http-nio-8001-exec-6][0;39m INFO  c.b.s.h.MybatisPlusMetaObjectHandler - 字段数据填充配置
[33m2022-05-12 21:13:39[0;39m [32m[http-nio-8001-exec-2][0;39m INFO  c.b.s.h.MybatisPlusMetaObjectHandler - 字段数据填充配置
[33m2022-05-12 21:14:16[0;39m [32m[http-nio-8001-exec-5][0;39m INFO  c.b.s.h.MybatisPlusMetaObjectHandler - 字段数据填充配置
[33m2022-05-12 21:17:00[0;39m [32m[http-nio-8001-exec-8][0;39m INFO  c.b.s.h.MybatisPlusMetaObjectHandler - 字段数据填充配置
[33m2022-05-12 21:31:22[0;39m [32m[SpringContextShutdownHook][0;39m INFO  c.a.c.n.r.NacosServiceRegistry - De-registering from Nacos Server now...
[33m2022-05-12 21:31:22[0;39m [32m[SpringContextShutdownHook][0;39m INFO  com.alibaba.nacos.client.naming - [BEAT] removing beat: bskplu_video@@service-video:192.168.1.4:8001 from beat map.
[33m2022-05-12 21:31:22[0;39m [32m[SpringContextShutdownHook][0;39m INFO  com.alibaba.nacos.client.naming - [DEREGISTER-SERVICE] public deregistering service bskplu_video@@service-video with instance: {"clusterName":"DEFAULT","enabled":true,"ephemeral":true,"healthy":true,"instanceHeartBeatInterval":5000,"instanceHeartBeatTimeOut":15000,"instanceIdGenerator":"simple","ip":"192.168.1.4","ipDeleteTimeout":30000,"metadata":{},"port":8001,"weight":1.0}
[33m2022-05-12 21:31:22[0;39m [32m[SpringContextShutdownHook][0;39m INFO  c.a.c.n.r.NacosServiceRegistry - De-registration finished.
[33m2022-05-12 21:31:22[0;39m [32m[SpringContextShutdownHook][0;39m INFO  com.zaxxer.hikari.HikariDataSource - HikariPool - Shutdown initiated...
[33m2022-05-12 21:31:22[0;39m [32m[SpringContextShutdownHook][0;39m INFO  com.zaxxer.hikari.HikariDataSource - HikariPool - Shutdown completed.
